\BOOKMARK [1][-]{section.1}{Introduction}{}% 1
\BOOKMARK [2][-]{subsection.1.1}{Description}{section.1}% 2
\BOOKMARK [2][-]{subsection.1.2}{Purpose}{section.1}% 3
\BOOKMARK [2][-]{subsection.1.3}{Contact information}{section.1}% 4
\BOOKMARK [1][-]{section.2}{Software}{}% 5
\BOOKMARK [2][-]{subsection.2.1}{Bash scripts}{section.2}% 6
\BOOKMARK [3][-]{subsubsection.2.1.1}{Clearing output cache}{subsection.2.1}% 7
\BOOKMARK [3][-]{subsubsection.2.1.2}{Automated startup}{subsection.2.1}% 8
\BOOKMARK [2][-]{subsection.2.2}{State machine}{section.2}% 9
\BOOKMARK [3][-]{subsubsection.2.2.1}{Imports}{subsection.2.2}% 10
\BOOKMARK [3][-]{subsubsection.2.2.2}{State machine class}{subsection.2.2}% 11
\BOOKMARK [3][-]{subsubsection.2.2.3}{write\137to\137log}{subsection.2.2}% 12
\BOOKMARK [3][-]{subsubsection.2.2.4}{idleTaskCheck}{subsection.2.2}% 13
\BOOKMARK [3][-]{subsubsection.2.2.5}{idle\137state}{subsection.2.2}% 14
\BOOKMARK [2][-]{subsection.2.3}{Main}{section.2}% 15
\BOOKMARK [3][-]{subsubsection.2.3.1}{Manual mode}{subsection.2.3}% 16
\BOOKMARK [3][-]{subsubsection.2.3.2}{Imports}{subsection.2.3}% 17
\BOOKMARK [3][-]{subsubsection.2.3.3}{bcolors}{subsection.2.3}% 18
\BOOKMARK [3][-]{subsubsection.2.3.4}{IO\137Devices}{subsection.2.3}% 19
\BOOKMARK [3][-]{subsubsection.2.3.5}{Tasks}{subsection.2.3}% 20
\BOOKMARK [3][-]{subsubsection.2.3.6}{Pin definitions}{subsection.2.3}% 21
\BOOKMARK [3][-]{subsubsection.2.3.7}{Function}{subsection.2.3}% 22
\BOOKMARK [1][-]{section.3}{Hardware}{}% 23
\BOOKMARK [2][-]{subsection.3.1}{Raspberry pi}{section.3}% 24
\BOOKMARK [2][-]{subsection.3.2}{Deposition machine}{section.3}% 25
\BOOKMARK [3][-]{subsubsection.3.2.1}{PLC}{subsection.3.2}% 26
\BOOKMARK [1][-]{section.4}{Installation}{}% 27
\BOOKMARK [1][-]{section.5}{Future work}{}% 28
\BOOKMARK [2][-]{subsection.5.1}{Combination of bash scripts with python}{section.5}% 29
\BOOKMARK [2][-]{subsection.5.2}{write\137to\137log rework}{section.5}% 30
\BOOKMARK [2][-]{subsection.5.3}{Idle exit}{section.5}% 31
\BOOKMARK [2][-]{subsection.5.4}{Main file split}{section.5}% 32
\BOOKMARK [2][-]{subsection.5.5}{Deposition controller pi}{section.5}% 33
\BOOKMARK [2][-]{subsection.5.6}{Web interface}{section.5}% 34
\BOOKMARK [2][-]{subsection.5.7}{GUI interface}{section.5}% 35
\BOOKMARK [2][-]{subsection.5.8}{Automatic mode}{section.5}% 36
\BOOKMARK [2][-]{subsection.5.9}{IO\137Device class change}{section.5}% 37
